<?xml version="1.0" encoding="UTF-8"?>
<!-- Generated by org.testng.reporters.JUnitXMLReporter -->
<testsuite ignored="0" hostname="DESKTOP-RKDJRII" failures="0" tests="4" name="Test" time="0.268" errors="0" timestamp="2023-01-25T18:20:13 IST">
  <testcase classname="testNG_BatchExecution.SecondTest" name="demo2" time="0.035"/>
  <testcase classname="testNG_BatchExecution.FourthTest" name="demo4" time="0.009"/>
  <testcase classname="testNG_BatchExecution.ThirdTest" name="demo3" time="0.003"/>
  <testcase classname="testNG_BatchExecution.FirstTest" name="demo1" time="0.005"/>
</testsuite> <!-- Test -->
