<?xml version="1.0" encoding="UTF-8"?>
<testng-results ignored="0" total="1" passed="1" failed="0" skipped="0">
  <reporter-output>
  </reporter-output>
  <suite started-at="2023-02-07T13:10:29 IST" name="Default suite" finished-at="2023-02-07T13:10:29 IST" duration-ms="141">
    <groups>
    </groups>
    <test started-at="2023-02-07T13:10:29 IST" name="Default test" finished-at="2023-02-07T13:10:29 IST" duration-ms="141">
      <class name="assertions.WhyNotIfElse">
        <test-method signature="demo()[pri:0, instance:assertions.WhyNotIfElse@1afd44cb]" started-at="2023-02-07T13:10:29 IST" name="demo" finished-at="2023-02-07T13:10:29 IST" duration-ms="18" status="PASS">
          <reporter-output>
          </reporter-output>
        </test-method> <!-- demo -->
      </class> <!-- assertions.WhyNotIfElse -->
    </test> <!-- Default test -->
  </suite> <!-- Default suite -->
</testng-results>
