<?xml version="1.0" encoding="UTF-8"?>
<testng-results ignored="0" total="1" passed="1" failed="0" skipped="0">
  <reporter-output>
  </reporter-output>
  <suite started-at="2023-01-11T16:44:38 IST" name="Suite" finished-at="2023-01-11T16:44:38 IST" duration-ms="85">
    <groups>
    </groups>
    <test started-at="2023-01-11T16:44:38 IST" name="Test" finished-at="2023-01-11T16:44:38 IST" duration-ms="85">
      <class name="xmlParameterization.XMLParameterization_practice">
        <test-method signature="demoTest(org.testng.xml.XmlTest)[pri:0, instance:xmlParameterization.XMLParameterization_practice@31c88ec8]" started-at="2023-01-11T16:44:38 IST" name="demoTest" finished-at="2023-01-11T16:44:38 IST" duration-ms="25" status="PASS">
          <params>
            <param index="0">
              <value>
                <![CDATA[org.testng.xml.XmlTest@e5929e30]]>
              </value>
            </param>
          </params>
          <reporter-output>
          </reporter-output>
        </test-method> <!-- demoTest -->
      </class> <!-- xmlParameterization.XMLParameterization_practice -->
    </test> <!-- Test -->
  </suite> <!-- Suite -->
</testng-results>
